[ 2016-01-28T14:21:45+08:00 ] 127.0.0.1 /admin.php/
ERR: 无法加载控制器:Index

[ 2016-01-28T14:22:29+08:00 ] 127.0.0.1 /admin.php/domain/add/id/43.html
ERR: 1048:Column 'category' cannot be null
 [ SQL语句 ] : UPDATE `m9_domain_my` SET `domain`='1111',`desc`='1',`keyword`='',`pic`='',`price`='0',`category`=NULL WHERE `id` = 43
ERR: 1048:Column 'category' cannot be null
 [ SQL语句 ] : UPDATE `m9_domain_my` SET `domain`='1111',`desc`='1',`keyword`='',`pic`='',`price`='0',`category`=NULL WHERE `id` = 43

[ 2016-01-28T14:22:32+08:00 ] 127.0.0.1 /admin.php/domain/add/id/43.html
ERR: 1048:Column 'category' cannot be null
 [ SQL语句 ] : UPDATE `m9_domain_my` SET `domain`='1111',`desc`='1',`keyword`='',`pic`='',`price`='0',`category`=NULL WHERE `id` = 43
ERR: 1048:Column 'category' cannot be null
 [ SQL语句 ] : UPDATE `m9_domain_my` SET `domain`='1111',`desc`='1',`keyword`='',`pic`='',`price`='0',`category`=NULL WHERE `id` = 43

[ 2016-01-28T14:22:37+08:00 ] 127.0.0.1 /admin.php/domain/add/id/43.html
ERR: 1048:Column 'category' cannot be null
 [ SQL语句 ] : UPDATE `m9_domain_my` SET `domain`='1111',`desc`='1',`keyword`='',`pic`='',`price`='0',`category`=NULL WHERE `id` = 43
ERR: 1048:Column 'category' cannot be null
 [ SQL语句 ] : UPDATE `m9_domain_my` SET `domain`='1111',`desc`='1',`keyword`='',`pic`='',`price`='0',`category`=NULL WHERE `id` = 43

[ 2016-01-28T14:23:09+08:00 ] 127.0.0.1 /admin.php/domain/add.html
ERR: 1364:Field 'label' doesn't have a default value
 [ SQL语句 ] : INSERT INTO `m9_domain_my` (`domain`,`id`,`desc`,`keyword`,`pic`,`category`,`price`,`time`) VALUES ('222222','0','1','','','8','0','1453962189')
ERR: 1364:Field 'label' doesn't have a default value
 [ SQL语句 ] : INSERT INTO `m9_domain_my` (`domain`,`id`,`desc`,`keyword`,`pic`,`category`,`price`,`time`) VALUES ('222222','0','1','','','8','0','1453962189')

